Using pre-set license
Built from '2020.3/release' branch; Version is '2020.3.1f1 (77a89f25062f) revision 7841951'; Using compiler version '192528614'; Build Type 'Release'
OS: 'Windows 10 Pro; OS build 19041.1237; Version 2004; 64bit' Language: 'es' Physical Memory: 7367 MB
BatchMode: 1, IsHumanControllingUs: 0, StartBugReporterOnCrash: 0, Is64bit: 1, IsPro: 0

 COMMAND LINE ARGUMENTS:
C:\Program Files\Unity\Hub\Editor\2020.3.1f1\Editor\Unity.exe
-adb2
-batchMode
-noUpm
-name
AssetImportWorker1
-projectPath
C:/Users/mayas/Documents/GitHub/PR_ZAXXON/PR_ZAXXON_MAYAPARDO
-logFile
Logs/AssetImportWorker1.log
-srvPort
50370
Successfully changed project path to: C:/Users/mayas/Documents/GitHub/PR_ZAXXON/PR_ZAXXON_MAYAPARDO
C:/Users/mayas/Documents/GitHub/PR_ZAXXON/PR_ZAXXON_MAYAPARDO
Using Asset Import Pipeline V2.
Refreshing native plugins compatible for Editor in 77.49 ms, found 0 plugins.
Preloading 0 native plugins for Editor in 0.00 ms.
Initialize engine version: 2020.3.1f1 (77a89f25062f)
[Subsystems] Discovering subsystems at path C:/Program Files/Unity/Hub/Editor/2020.3.1f1/Editor/Data/Resources/UnitySubsystems
[Subsystems] Discovering subsystems at path C:/Users/mayas/Documents/GitHub/PR_ZAXXON/PR_ZAXXON_MAYAPARDO/Assets
GfxDevice: creating device client; threaded=0
Direct3D:
    Version:  Direct3D 11.0 [level 11.0]
    Renderer: AMD Radeon HD 7660D (ID=0x9901)
    Vendor:   
    VRAM:     736 MB
    Driver:   15.201.1151.1008
Initialize mono
Mono path[0] = 'C:/Program Files/Unity/Hub/Editor/2020.3.1f1/Editor/Data/Managed'
Mono path[1] = 'C:/Program Files/Unity/Hub/Editor/2020.3.1f1/Editor/Data/MonoBleedingEdge/lib/mono/unityjit'
Mono config path = 'C:/Program Files/Unity/Hub/Editor/2020.3.1f1/Editor/Data/MonoBleedingEdge/etc'
Using monoOptions --debugger-agent=transport=dt_socket,embedding=1,server=y,suspend=n,address=127.0.0.1:56844
Begin MonoManager ReloadAssembly
Registering precompiled unity dll's ...
Register platform support module: C:/Program Files/Unity/Hub/Editor/2020.3.1f1/Editor/Data/PlaybackEngines/WindowsStandaloneSupport/UnityEditor.WindowsStandalone.Extensions.dll
Registered in 0.039770 seconds.
Native extension for WindowsStandalone target not found
Refreshing native plugins compatible for Editor in 225.07 ms, found 0 plugins.
Preloading 0 native plugins for Editor in 0.00 ms.
Invoked RoslynAnalysisRunner static constructor.
RoslynAnalysisRunner will not be running.
RoslynAnalysisRunner has terminated.
Mono: successfully reloaded assembly
- Completed reload, in 12.569 seconds
Platform modules already initialized, skipping
Registering precompiled user dll's ...
Registered in 0.002568 seconds.
Begin MonoManager ReloadAssembly
Native extension for WindowsStandalone target not found
Refreshing native plugins compatible for Editor in 0.37 ms, found 0 plugins.
Preloading 0 native plugins for Editor in 0.00 ms.
Invoked RoslynAnalysisRunner static constructor.
RoslynAnalysisRunner will not be running.
RoslynAnalysisRunner has terminated.
Mono: successfully reloaded assembly
- Completed reload, in  3.441 seconds
Platform modules already initialized, skipping
========================================================================
Worker process is ready to serve import requests
Launched and connected shader compiler UnityShaderCompiler.exe after 0.19 seconds
Refreshing native plugins compatible for Editor in 0.92 ms, found 0 plugins.
Preloading 0 native plugins for Editor in 0.00 ms.
Unloading 1127 Unused Serialized files (Serialized files now loaded: 0)
System memory in use before: 57.3 MB.
System memory in use after: 57.4 MB.

Unloading 9 unused Assets to reduce memory usage. Loaded Objects now: 1570.
Total: 13.943113 ms (FindLiveObjects: 0.400889 ms CreateObjectMapping: 0.093867 ms MarkObjects: 13.292891 ms  DeleteObjects: 0.146178 ms)

========================================================================
Received Import Request.
  path: Assets/Scripts/Game/ObstacleGenerator.cs
  artifactKey: Guid(23e4a3e6d5729db478b521fae8f918fa) Importer(815301076,1909f56bfc062723c751e8b465ee728b)
Start importing Assets/Scripts/Game/ObstacleGenerator.cs using Guid(23e4a3e6d5729db478b521fae8f918fa) Importer(815301076,1909f56bfc062723c751e8b465ee728b)  -> (artifact id: 'a533d710674f49c8ca9ed5e1324a9488') in 1.535410 seconds
  Import took 2.037312 seconds .

========================================================================
Received Import Request.
  Time since last request: 1624.346201 seconds.
  path: Assets/Scripts/Game/ObstacleGenerator.cs
  artifactKey: Guid(23e4a3e6d5729db478b521fae8f918fa) Importer(815301076,1909f56bfc062723c751e8b465ee728b)
Start importing Assets/Scripts/Game/ObstacleGenerator.cs using Guid(23e4a3e6d5729db478b521fae8f918fa) Importer(815301076,1909f56bfc062723c751e8b465ee728b)  -> (artifact id: 'b59817905f7b6a770c64003dc555eabf') in 0.018096 seconds
  Import took 0.040074 seconds .

========================================================================
Received Import Request.
  Time since last request: 0.002133 seconds.
  path: Assets/Scripts/Game/ObstacleGenerator.cs
  artifactKey: Guid(23e4a3e6d5729db478b521fae8f918fa) Importer(815301076,1909f56bfc062723c751e8b465ee728b)
Start importing Assets/Scripts/Game/ObstacleGenerator.cs using Guid(23e4a3e6d5729db478b521fae8f918fa) Importer(815301076,1909f56bfc062723c751e8b465ee728b)  -> (artifact id: 'b59817905f7b6a770c64003dc555eabf') in 0.021065 seconds
  Import took 0.068488 seconds .

========================================================================
Received Prepare
Registering precompiled user dll's ...
Registered in 0.001824 seconds.
Begin MonoManager ReloadAssembly
Native extension for WindowsStandalone target not found
Refreshing native plugins compatible for Editor in 0.37 ms, found 0 plugins.
Preloading 0 native plugins for Editor in 0.00 ms.
Invoked RoslynAnalysisRunner static constructor.
RoslynAnalysisRunner will not be running.
RoslynAnalysisRunner has terminated.
Mono: successfully reloaded assembly
- Completed reload, in  1.659 seconds
Platform modules already initialized, skipping
Refreshing native plugins compatible for Editor in 0.37 ms, found 0 plugins.
Preloading 0 native plugins for Editor in 0.00 ms.
Unloading 1121 Unused Serialized files (Serialized files now loaded: 0)
System memory in use before: 57.2 MB.
System memory in use after: 57.3 MB.

Unloading 4 unused Assets to reduce memory usage. Loaded Objects now: 1573.
Total: 2.685467 ms (FindLiveObjects: 0.296267 ms CreateObjectMapping: 0.083111 ms MarkObjects: 2.255734 ms  DeleteObjects: 0.043022 ms)

========================================================================
Received Import Request.
  Time since last request: 1033.603350 seconds.
  path: Assets/Prefabs/TruckObstacle.prefab
  artifactKey: Guid(092cdff6ad8a3a44eaa5f3c8041aa298) Importer(815301076,1909f56bfc062723c751e8b465ee728b)
Start importing Assets/Prefabs/TruckObstacle.prefab using Guid(092cdff6ad8a3a44eaa5f3c8041aa298) Importer(815301076,1909f56bfc062723c751e8b465ee728b)  -> (artifact id: '7aa25fe035eec7d1a730d647dfe69524') in 0.430414 seconds
  Import took 0.457774 seconds .

========================================================================
Received Import Request.
  Time since last request: 5.608107 seconds.
  path: Assets/Prefabs/New Folder
  artifactKey: Guid(2c1ec3f40e234a94f987ccb1810da729) Importer(815301076,1909f56bfc062723c751e8b465ee728b)
Start importing Assets/Prefabs/New Folder using Guid(2c1ec3f40e234a94f987ccb1810da729) Importer(815301076,1909f56bfc062723c751e8b465ee728b)  -> (artifact id: '95c1b978fb325de67766318fab39ed23') in 0.014688 seconds
  Import took 0.039579 seconds .

========================================================================
Received Import Request.
  Time since last request: 5.572725 seconds.
  path: Assets/Prefabs/New Folder/New Folder
  artifactKey: Guid(50970e69d0db0164a97cb7ad37f557c2) Importer(815301076,1909f56bfc062723c751e8b465ee728b)
Start importing Assets/Prefabs/New Folder/New Folder using Guid(50970e69d0db0164a97cb7ad37f557c2) Importer(815301076,1909f56bfc062723c751e8b465ee728b)  -> (artifact id: '08a49eaea0ca115e83cb87fb7e137ba3') in 0.011835 seconds
  Import took 0.037341 seconds .

========================================================================
Received Import Request.
  Time since last request: 0.002597 seconds.
  path: Assets/Prefabs/New Folder/New Folder
  artifactKey: Guid(50970e69d0db0164a97cb7ad37f557c2) Importer(815301076,1909f56bfc062723c751e8b465ee728b)
Start importing Assets/Prefabs/New Folder/New Folder using Guid(50970e69d0db0164a97cb7ad37f557c2) Importer(815301076,1909f56bfc062723c751e8b465ee728b)  -> (artifact id: '08a49eaea0ca115e83cb87fb7e137ba3') in 0.008953 seconds
  Import took 0.020587 seconds .

========================================================================
Received Import Request.
  Time since last request: 9.705936 seconds.
  path: Assets/Prefabs/Test
  artifactKey: Guid(dd37a7bbc12e3d94d9150a9e5e384714) Importer(815301076,1909f56bfc062723c751e8b465ee728b)
Start importing Assets/Prefabs/Test using Guid(dd37a7bbc12e3d94d9150a9e5e384714) Importer(815301076,1909f56bfc062723c751e8b465ee728b)  -> (artifact id: '1d32a1164ec33326023823fa2e2f7f32') in 0.040266 seconds
  Import took 0.131044 seconds .

========================================================================
Received Import Request.
  Time since last request: 9.977001 seconds.
  path: Assets/Prefabs/Obstacles
  artifactKey: Guid(2c1ec3f40e234a94f987ccb1810da729) Importer(815301076,1909f56bfc062723c751e8b465ee728b)
Start importing Assets/Prefabs/Obstacles using Guid(2c1ec3f40e234a94f987ccb1810da729) Importer(815301076,1909f56bfc062723c751e8b465ee728b)  -> (artifact id: '9b183226bb9faf2b33400c7ee2cd8597') in 0.042778 seconds
  Import took 0.070815 seconds .

========================================================================
Received Import Request.
  Time since last request: 50.868662 seconds.
  path: Assets/Prefabs/Obstacles/TruckObstacle.prefab
  artifactKey: Guid(092cdff6ad8a3a44eaa5f3c8041aa298) Importer(815301076,1909f56bfc062723c751e8b465ee728b)
Start importing Assets/Prefabs/Obstacles/TruckObstacle.prefab using Guid(092cdff6ad8a3a44eaa5f3c8041aa298) Importer(815301076,1909f56bfc062723c751e8b465ee728b)  -> (artifact id: 'abeea4b54f34a18ed50ad08b0c05b3ea') in 0.045099 seconds
  Import took 0.059525 seconds .

========================================================================
Received Import Request.
  Time since last request: 811.429098 seconds.
  path: Assets/Prefabs/Obstacles/TruckObstacle.prefab
  artifactKey: Guid(092cdff6ad8a3a44eaa5f3c8041aa298) Importer(815301076,1909f56bfc062723c751e8b465ee728b)
Start importing Assets/Prefabs/Obstacles/TruckObstacle.prefab using Guid(092cdff6ad8a3a44eaa5f3c8041aa298) Importer(815301076,1909f56bfc062723c751e8b465ee728b)  -> (artifact id: 'b7bcccb0456d486cc20b133325941065') in 0.028088 seconds
  Import took 0.047826 seconds .

========================================================================
Received Import Request.
  Time since last request: 2.760826 seconds.
  path: Assets/Prefabs/Obstacles/Car2_Obstacle.prefab
  artifactKey: Guid(eef35a999cb6a7949a4a966462662b81) Importer(815301076,1909f56bfc062723c751e8b465ee728b)
Start importing Assets/Prefabs/Obstacles/Car2_Obstacle.prefab using Guid(eef35a999cb6a7949a4a966462662b81) Importer(815301076,1909f56bfc062723c751e8b465ee728b)  -> (artifact id: 'c737a72d31a8203c0764e9897975f817') in 0.048985 seconds
  Import took 0.074224 seconds .

========================================================================
Received Import Request.
  Time since last request: 0.010009 seconds.
  path: Assets/Prefabs/Obstacles/Car2_Obstacle.prefab
  artifactKey: Guid(eef35a999cb6a7949a4a966462662b81) Importer(815301076,1909f56bfc062723c751e8b465ee728b)
Start importing Assets/Prefabs/Obstacles/Car2_Obstacle.prefab using Guid(eef35a999cb6a7949a4a966462662b81) Importer(815301076,1909f56bfc062723c751e8b465ee728b)  -> (artifact id: 'c737a72d31a8203c0764e9897975f817') in 0.036686 seconds
  Import took 0.047758 seconds .

========================================================================
Received Import Request.
  Time since last request: 78.363054 seconds.
  path: Assets/Prefabs/Obstacles/Car1_Obstacle.prefab
  artifactKey: Guid(5a81b58f13f56a14aad2ceba9a9160c0) Importer(815301076,1909f56bfc062723c751e8b465ee728b)
Start importing Assets/Prefabs/Obstacles/Car1_Obstacle.prefab using Guid(5a81b58f13f56a14aad2ceba9a9160c0) Importer(815301076,1909f56bfc062723c751e8b465ee728b)  -> (artifact id: '913d8efda9d6586a0706c95224669856') in 0.042362 seconds
  Import took 0.052098 seconds .

========================================================================
Received Import Request.
  Time since last request: 15.108247 seconds.
  path: Assets/Prefabs/Obstacles/Truck_Obstacle.prefab
  artifactKey: Guid(092cdff6ad8a3a44eaa5f3c8041aa298) Importer(815301076,1909f56bfc062723c751e8b465ee728b)
Start importing Assets/Prefabs/Obstacles/Truck_Obstacle.prefab using Guid(092cdff6ad8a3a44eaa5f3c8041aa298) Importer(815301076,1909f56bfc062723c751e8b465ee728b)  -> (artifact id: 'f0b98557851d1a40ddd27348b8c6eac1') in 0.037645 seconds
  Import took 0.047578 seconds .

========================================================================
Received Import Request.
  Time since last request: 5.378895 seconds.
  path: Assets/Prefabs/Obstacles/Car2_Obstacle.prefab
  artifactKey: Guid(eef35a999cb6a7949a4a966462662b81) Importer(815301076,1909f56bfc062723c751e8b465ee728b)
Start importing Assets/Prefabs/Obstacles/Car2_Obstacle.prefab using Guid(eef35a999cb6a7949a4a966462662b81) Importer(815301076,1909f56bfc062723c751e8b465ee728b)  -> (artifact id: '4b36383943780b985db71e77c2718d22') in 0.030335 seconds
  Import took 0.068398 seconds .

========================================================================
Received Import Request.
  Time since last request: 8.862358 seconds.
  path: Assets/Prefabs/Obstacles/Car2_Obstacle.prefab
  artifactKey: Guid(eef35a999cb6a7949a4a966462662b81) Importer(815301076,1909f56bfc062723c751e8b465ee728b)
Start importing Assets/Prefabs/Obstacles/Car2_Obstacle.prefab using Guid(eef35a999cb6a7949a4a966462662b81) Importer(815301076,1909f56bfc062723c751e8b465ee728b)  -> (artifact id: 'ecae1193612ab5623c319c38eebc0f5a') in 0.034217 seconds
  Import took 0.071637 seconds .

========================================================================
Received Import Request.
  Time since last request: 28.912770 seconds.
  path: Assets/Scripts/Game/ObstacleMove.cs
  artifactKey: Guid(516c0a55fa0a53d42a59c4a0cb374723) Importer(815301076,1909f56bfc062723c751e8b465ee728b)
Start importing Assets/Scripts/Game/ObstacleMove.cs using Guid(516c0a55fa0a53d42a59c4a0cb374723) Importer(815301076,1909f56bfc062723c751e8b465ee728b)  -> (artifact id: 'da36aad590f2a26feea144ccbcc942a5') in 0.029387 seconds
  Import took 0.054340 seconds .

========================================================================
Received Prepare
Registering precompiled user dll's ...
Registered in 0.002224 seconds.
Begin MonoManager ReloadAssembly
Native extension for WindowsStandalone target not found
Refreshing native plugins compatible for Editor in 0.35 ms, found 0 plugins.
Preloading 0 native plugins for Editor in 0.00 ms.
Invoked RoslynAnalysisRunner static constructor.
RoslynAnalysisRunner will not be running.
RoslynAnalysisRunner has terminated.
Mono: successfully reloaded assembly
- Completed reload, in  1.776 seconds
Platform modules already initialized, skipping
Refreshing native plugins compatible for Editor in 0.39 ms, found 0 plugins.
Preloading 0 native plugins for Editor in 0.00 ms.
Unloading 1121 Unused Serialized files (Serialized files now loaded: 0)
System memory in use before: 60.4 MB.
System memory in use after: 60.5 MB.

Unloading 5 unused Assets to reduce memory usage. Loaded Objects now: 1585.
Total: 3.483823 ms (FindLiveObjects: 0.411156 ms CreateObjectMapping: 0.101689 ms MarkObjects: 2.919156 ms  DeleteObjects: 0.038622 ms)

========================================================================
Received Import Request.
  Time since last request: 63.095582 seconds.
  path: Assets/Scripts/Game/ObstacleMove.cs
  artifactKey: Guid(516c0a55fa0a53d42a59c4a0cb374723) Importer(815301076,1909f56bfc062723c751e8b465ee728b)
Start importing Assets/Scripts/Game/ObstacleMove.cs using Guid(516c0a55fa0a53d42a59c4a0cb374723) Importer(815301076,1909f56bfc062723c751e8b465ee728b)  -> (artifact id: 'e96c08dbb1cbc6717404b208f9a9fba8') in 0.018445 seconds
  Import took 0.028076 seconds .

========================================================================
Received Import Request.
  Time since last request: 0.490555 seconds.
  path: Assets/Prefabs/Obstacles/Car1_Obstacle.prefab
  artifactKey: Guid(5a81b58f13f56a14aad2ceba9a9160c0) Importer(815301076,1909f56bfc062723c751e8b465ee728b)
Start importing Assets/Prefabs/Obstacles/Car1_Obstacle.prefab using Guid(5a81b58f13f56a14aad2ceba9a9160c0) Importer(815301076,1909f56bfc062723c751e8b465ee728b)  -> (artifact id: 'f3797b22a99274332cf870554d776a8e') in 0.135781 seconds
  Import took 0.158954 seconds .

========================================================================
Received Import Request.
  Time since last request: 0.000976 seconds.
  path: Assets/Prefabs/Obstacles/Truck_Obstacle.prefab
  artifactKey: Guid(092cdff6ad8a3a44eaa5f3c8041aa298) Importer(815301076,1909f56bfc062723c751e8b465ee728b)
Start importing Assets/Prefabs/Obstacles/Truck_Obstacle.prefab using Guid(092cdff6ad8a3a44eaa5f3c8041aa298) Importer(815301076,1909f56bfc062723c751e8b465ee728b)  -> (artifact id: '6e42be8f1e8192e2dca54c15983412d8') in 0.030603 seconds
  Import took 0.059678 seconds .

========================================================================
Received Import Request.
  Time since last request: 0.001044 seconds.
  path: Assets/Prefabs/Obstacles/Car2_Obstacle.prefab
  artifactKey: Guid(eef35a999cb6a7949a4a966462662b81) Importer(815301076,1909f56bfc062723c751e8b465ee728b)
Start importing Assets/Prefabs/Obstacles/Car2_Obstacle.prefab using Guid(eef35a999cb6a7949a4a966462662b81) Importer(815301076,1909f56bfc062723c751e8b465ee728b)  -> (artifact id: '36d9045203da89a4c640ba0bb046553a') in 0.037850 seconds
  Import took 0.050960 seconds .

========================================================================
Received Import Request.
  Time since last request: 6.404683 seconds.
  path: Assets/Prefabs/Obstacles/Truck_Obstacle.prefab
  artifactKey: Guid(092cdff6ad8a3a44eaa5f3c8041aa298) Importer(815301076,1909f56bfc062723c751e8b465ee728b)
Start importing Assets/Prefabs/Obstacles/Truck_Obstacle.prefab using Guid(092cdff6ad8a3a44eaa5f3c8041aa298) Importer(815301076,1909f56bfc062723c751e8b465ee728b)  -> (artifact id: '10c7d4182287360d95d4776686487e91') in 0.058193 seconds
  Import took 0.109587 seconds .

========================================================================
Received Import Request.
  Time since last request: 27.585050 seconds.
  path: Assets/Prefabs/Obstacles/Car2_Obstacle.prefab
  artifactKey: Guid(eef35a999cb6a7949a4a966462662b81) Importer(815301076,1909f56bfc062723c751e8b465ee728b)
Start importing Assets/Prefabs/Obstacles/Car2_Obstacle.prefab using Guid(eef35a999cb6a7949a4a966462662b81) Importer(815301076,1909f56bfc062723c751e8b465ee728b)  -> (artifact id: '689af823eefe78d017f8b71e33cf9223') in 0.032404 seconds
  Import took 0.067598 seconds .

========================================================================
Received Prepare
Registering precompiled user dll's ...
Registered in 0.001467 seconds.
Begin MonoManager ReloadAssembly
Native extension for WindowsStandalone target not found
Refreshing native plugins compatible for Editor in 0.39 ms, found 0 plugins.
Preloading 0 native plugins for Editor in 0.00 ms.
Invoked RoslynAnalysisRunner static constructor.
RoslynAnalysisRunner will not be running.
RoslynAnalysisRunner has terminated.
Mono: successfully reloaded assembly
- Completed reload, in  1.776 seconds
Platform modules already initialized, skipping
Refreshing native plugins compatible for Editor in 0.37 ms, found 0 plugins.
Preloading 0 native plugins for Editor in 0.00 ms.
Unloading 1121 Unused Serialized files (Serialized files now loaded: 0)
System memory in use before: 60.5 MB.
System memory in use after: 60.5 MB.

Unloading 5 unused Assets to reduce memory usage. Loaded Objects now: 1589.
Total: 4.135512 ms (FindLiveObjects: 0.311911 ms CreateObjectMapping: 0.093378 ms MarkObjects: 3.674489 ms  DeleteObjects: 0.046933 ms)

========================================================================
Received Import Request.
  Time since last request: 49.756195 seconds.
  path: Assets/Prefabs/Obstacles/Truck_Obstacle.prefab
  artifactKey: Guid(092cdff6ad8a3a44eaa5f3c8041aa298) Importer(815301076,1909f56bfc062723c751e8b465ee728b)
Start importing Assets/Prefabs/Obstacles/Truck_Obstacle.prefab using Guid(092cdff6ad8a3a44eaa5f3c8041aa298) Importer(815301076,1909f56bfc062723c751e8b465ee728b)  -> (artifact id: '3b309354cd056f48d2d9d2261b0dde96') in 0.202028 seconds
  Import took 0.240290 seconds .

========================================================================
Received Import Request.
  Time since last request: 4.638532 seconds.
  path: Assets/Prefabs/Obstacles/Car2_Obstacle.prefab
  artifactKey: Guid(eef35a999cb6a7949a4a966462662b81) Importer(815301076,1909f56bfc062723c751e8b465ee728b)
Start importing Assets/Prefabs/Obstacles/Car2_Obstacle.prefab using Guid(eef35a999cb6a7949a4a966462662b81) Importer(815301076,1909f56bfc062723c751e8b465ee728b)  -> (artifact id: '4a1a7e17a93001d7173a4ab58dc867cb') in 0.043268 seconds
  Import took 0.054834 seconds .

========================================================================
Received Import Request.
  Time since last request: 4.494345 seconds.
  path: Assets/Prefabs/Obstacles/Car1_Obstacle.prefab
  artifactKey: Guid(5a81b58f13f56a14aad2ceba9a9160c0) Importer(815301076,1909f56bfc062723c751e8b465ee728b)
Start importing Assets/Prefabs/Obstacles/Car1_Obstacle.prefab using Guid(5a81b58f13f56a14aad2ceba9a9160c0) Importer(815301076,1909f56bfc062723c751e8b465ee728b)  -> (artifact id: 'e939453c70d997bb59ee154842588d82') in 0.026147 seconds
  Import took 0.036448 seconds .

========================================================================
Received Prepare
Registering precompiled user dll's ...
Registered in 0.002534 seconds.
Begin MonoManager ReloadAssembly
Native extension for WindowsStandalone target not found
Refreshing native plugins compatible for Editor in 0.35 ms, found 0 plugins.
Preloading 0 native plugins for Editor in 0.00 ms.
Invoked RoslynAnalysisRunner static constructor.
RoslynAnalysisRunner will not be running.
RoslynAnalysisRunner has terminated.
Mono: successfully reloaded assembly
- Completed reload, in  1.668 seconds
Platform modules already initialized, skipping
Refreshing native plugins compatible for Editor in 0.44 ms, found 0 plugins.
Preloading 0 native plugins for Editor in 0.00 ms.
Unloading 1121 Unused Serialized files (Serialized files now loaded: 0)
System memory in use before: 60.5 MB.
System memory in use after: 60.6 MB.

Unloading 5 unused Assets to reduce memory usage. Loaded Objects now: 1593.
Total: 3.503378 ms (FindLiveObjects: 0.328533 ms CreateObjectMapping: 0.078711 ms MarkObjects: 3.029156 ms  DeleteObjects: 0.057689 ms)

========================================================================
Received Prepare
Registering precompiled user dll's ...
Registered in 0.001467 seconds.
Begin MonoManager ReloadAssembly
Native extension for WindowsStandalone target not found
Refreshing native plugins compatible for Editor in 0.36 ms, found 0 plugins.
Preloading 0 native plugins for Editor in 0.00 ms.
Invoked RoslynAnalysisRunner static constructor.
RoslynAnalysisRunner will not be running.
RoslynAnalysisRunner has terminated.
Mono: successfully reloaded assembly
- Completed reload, in  1.872 seconds
Platform modules already initialized, skipping
Refreshing native plugins compatible for Editor in 0.42 ms, found 0 plugins.
Preloading 0 native plugins for Editor in 0.00 ms.
Unloading 1121 Unused Serialized files (Serialized files now loaded: 0)
System memory in use before: 60.5 MB.
System memory in use after: 60.6 MB.

Unloading 4 unused Assets to reduce memory usage. Loaded Objects now: 1596.
Total: 3.060934 ms (FindLiveObjects: 0.323156 ms CreateObjectMapping: 0.084578 ms MarkObjects: 2.617023 ms  DeleteObjects: 0.027378 ms)

========================================================================
Received Prepare
Registering precompiled user dll's ...
Registered in 0.001676 seconds.
Begin MonoManager ReloadAssembly
Native extension for WindowsStandalone target not found
Refreshing native plugins compatible for Editor in 0.35 ms, found 0 plugins.
Preloading 0 native plugins for Editor in 0.00 ms.
Invoked RoslynAnalysisRunner static constructor.
RoslynAnalysisRunner will not be running.
RoslynAnalysisRunner has terminated.
Mono: successfully reloaded assembly
- Completed reload, in  1.697 seconds
Platform modules already initialized, skipping
Refreshing native plugins compatible for Editor in 0.64 ms, found 0 plugins.
Preloading 0 native plugins for Editor in 0.00 ms.
Unloading 1121 Unused Serialized files (Serialized files now loaded: 0)
System memory in use before: 60.5 MB.
System memory in use after: 60.6 MB.

Unloading 4 unused Assets to reduce memory usage. Loaded Objects now: 1599.
Total: 4.151645 ms (FindLiveObjects: 0.355911 ms CreateObjectMapping: 0.088000 ms MarkObjects: 3.662756 ms  DeleteObjects: 0.035689 ms)

========================================================================
Received Prepare
Registering precompiled user dll's ...
Registered in 0.002149 seconds.
Begin MonoManager ReloadAssembly
Native extension for WindowsStandalone target not found
Refreshing native plugins compatible for Editor in 0.37 ms, found 0 plugins.
Preloading 0 native plugins for Editor in 0.00 ms.
Invoked RoslynAnalysisRunner static constructor.
RoslynAnalysisRunner will not be running.
RoslynAnalysisRunner has terminated.
Mono: successfully reloaded assembly
- Completed reload, in  1.776 seconds
Platform modules already initialized, skipping
Refreshing native plugins compatible for Editor in 0.40 ms, found 0 plugins.
Preloading 0 native plugins for Editor in 0.00 ms.
Unloading 1121 Unused Serialized files (Serialized files now loaded: 0)
System memory in use before: 60.5 MB.
System memory in use after: 60.6 MB.

Unloading 4 unused Assets to reduce memory usage. Loaded Objects now: 1602.
Total: 3.380178 ms (FindLiveObjects: 0.350533 ms CreateObjectMapping: 0.087511 ms MarkObjects: 2.901556 ms  DeleteObjects: 0.030800 ms)

========================================================================
Received Prepare
Registering precompiled user dll's ...
Registered in 0.001783 seconds.
Begin MonoManager ReloadAssembly
Native extension for WindowsStandalone target not found
Refreshing native plugins compatible for Editor in 0.40 ms, found 0 plugins.
Preloading 0 native plugins for Editor in 0.00 ms.
Invoked RoslynAnalysisRunner static constructor.
RoslynAnalysisRunner will not be running.
RoslynAnalysisRunner has terminated.
Mono: successfully reloaded assembly
- Completed reload, in  1.827 seconds
Platform modules already initialized, skipping
Refreshing native plugins compatible for Editor in 0.41 ms, found 0 plugins.
Preloading 0 native plugins for Editor in 0.00 ms.
Unloading 1121 Unused Serialized files (Serialized files now loaded: 0)
System memory in use before: 60.5 MB.
System memory in use after: 60.6 MB.

Unloading 4 unused Assets to reduce memory usage. Loaded Objects now: 1605.
Total: 8.642090 ms (FindLiveObjects: 0.414578 ms CreateObjectMapping: 0.082133 ms MarkObjects: 7.749379 ms  DeleteObjects: 0.387200 ms)

========================================================================
Received Prepare
Registering precompiled user dll's ...
Registered in 0.001803 seconds.
Begin MonoManager ReloadAssembly
Native extension for WindowsStandalone target not found
Refreshing native plugins compatible for Editor in 0.38 ms, found 0 plugins.
Preloading 0 native plugins for Editor in 0.00 ms.
Invoked RoslynAnalysisRunner static constructor.
RoslynAnalysisRunner will not be running.
RoslynAnalysisRunner has terminated.
Mono: successfully reloaded assembly
- Completed reload, in  1.842 seconds
Platform modules already initialized, skipping
Refreshing native plugins compatible for Editor in 0.40 ms, found 0 plugins.
Preloading 0 native plugins for Editor in 0.00 ms.
Unloading 1121 Unused Serialized files (Serialized files now loaded: 0)
System memory in use before: 60.5 MB.
System memory in use after: 60.6 MB.

Unloading 4 unused Assets to reduce memory usage. Loaded Objects now: 1608.
Total: 3.991289 ms (FindLiveObjects: 0.308978 ms CreateObjectMapping: 0.072356 ms MarkObjects: 3.567423 ms  DeleteObjects: 0.033733 ms)

========================================================================
Received Import Request.
  Time since last request: 1848.493503 seconds.
  path: Assets/Textures/New Material.mat
  artifactKey: Guid(620d86bd70c7846489b6616371e44713) Importer(815301076,1909f56bfc062723c751e8b465ee728b)
Start importing Assets/Textures/New Material.mat using Guid(620d86bd70c7846489b6616371e44713) Importer(815301076,1909f56bfc062723c751e8b465ee728b)  -> (artifact id: '24f594cc694e1e157da886d0fbcb07b1') in 0.423731 seconds
  Import took 0.483446 seconds .

========================================================================
Received Import Request.
  Time since last request: 115.883106 seconds.
  path: Assets/Prefabs/SignMiddle.prefab
  artifactKey: Guid(9f1a51b2aa2b7614bb64549583190bb7) Importer(815301076,1909f56bfc062723c751e8b465ee728b)
Start importing Assets/Prefabs/SignMiddle.prefab using Guid(9f1a51b2aa2b7614bb64549583190bb7) Importer(815301076,1909f56bfc062723c751e8b465ee728b)  -> (artifact id: '1b56505d7d286b8a7ab8db32802f0882') in 0.072616 seconds
  Import took 0.083908 seconds .

========================================================================
Received Import Request.
  Time since last request: 0.017574 seconds.
  path: Assets/Prefabs/SignMiddle.prefab
  artifactKey: Guid(9f1a51b2aa2b7614bb64549583190bb7) Importer(815301076,1909f56bfc062723c751e8b465ee728b)
Start importing Assets/Prefabs/SignMiddle.prefab using Guid(9f1a51b2aa2b7614bb64549583190bb7) Importer(815301076,1909f56bfc062723c751e8b465ee728b)  -> (artifact id: '1b56505d7d286b8a7ab8db32802f0882') in 0.026301 seconds
  Import took 0.040161 seconds .

========================================================================
Received Import Request.
  Time since last request: 9.733988 seconds.
  path: Assets/Prefabs/MapAssets
  artifactKey: Guid(e68eec00806e36248b3bec35dbb96acd) Importer(815301076,1909f56bfc062723c751e8b465ee728b)
Start importing Assets/Prefabs/MapAssets using Guid(e68eec00806e36248b3bec35dbb96acd) Importer(815301076,1909f56bfc062723c751e8b465ee728b)  -> (artifact id: '741a882d25de0f47f8afd3f3ddb14a0d') in 0.014307 seconds
  Import took 0.051542 seconds .

========================================================================
Received Import Request.
  Time since last request: 208.604750 seconds.
  path: Assets/Textures/Sign.mat
  artifactKey: Guid(620d86bd70c7846489b6616371e44713) Importer(815301076,1909f56bfc062723c751e8b465ee728b)
Start importing Assets/Textures/Sign.mat using Guid(620d86bd70c7846489b6616371e44713) Importer(815301076,1909f56bfc062723c751e8b465ee728b)  -> (artifact id: 'b70ff4dcf337abbca7f51fd6869dba07') in 0.041045 seconds
  Import took 0.051981 seconds .

========================================================================
Received Import Request.
  Time since last request: 59.837586 seconds.
  path: Assets/Prefabs/MapAssets/Lampost.prefab
  artifactKey: Guid(65c5f42dd32bc5a4fbc715d82bbb80a4) Importer(815301076,1909f56bfc062723c751e8b465ee728b)
Start importing Assets/Prefabs/MapAssets/Lampost.prefab using Guid(65c5f42dd32bc5a4fbc715d82bbb80a4) Importer(815301076,1909f56bfc062723c751e8b465ee728b)  -> (artifact id: '8978edeb1b3edd2ce75d7dee645b9125') in 0.047922 seconds
  Import took 0.073482 seconds .

========================================================================
Received Import Request.
  Time since last request: 0.006096 seconds.
  path: Assets/Prefabs/MapAssets/Lampost.prefab
  artifactKey: Guid(65c5f42dd32bc5a4fbc715d82bbb80a4) Importer(815301076,1909f56bfc062723c751e8b465ee728b)
Start importing Assets/Prefabs/MapAssets/Lampost.prefab using Guid(65c5f42dd32bc5a4fbc715d82bbb80a4) Importer(815301076,1909f56bfc062723c751e8b465ee728b)  -> (artifact id: '8978edeb1b3edd2ce75d7dee645b9125') in 0.035434 seconds
  Import took 0.048228 seconds .

========================================================================
Received Prepare
Registering precompiled user dll's ...
Registered in 0.001913 seconds.
Begin MonoManager ReloadAssembly
Native extension for WindowsStandalone target not found
Refreshing native plugins compatible for Editor in 0.36 ms, found 0 plugins.
Preloading 0 native plugins for Editor in 0.00 ms.
Invoked RoslynAnalysisRunner static constructor.
RoslynAnalysisRunner will not be running.
RoslynAnalysisRunner has terminated.
Mono: successfully reloaded assembly
- Completed reload, in  1.740 seconds
Platform modules already initialized, skipping
Refreshing native plugins compatible for Editor in 0.39 ms, found 0 plugins.
Preloading 0 native plugins for Editor in 0.00 ms.
Unloading 1121 Unused Serialized files (Serialized files now loaded: 0)
System memory in use before: 60.8 MB.
System memory in use after: 60.9 MB.

Unloading 5 unused Assets to reduce memory usage. Loaded Objects now: 1646.
Total: 3.586000 ms (FindLiveObjects: 0.458089 ms CreateObjectMapping: 0.233689 ms MarkObjects: 2.818934 ms  DeleteObjects: 0.063556 ms)

========================================================================
Received Prepare
Registering precompiled user dll's ...
Registered in 0.001450 seconds.
Begin MonoManager ReloadAssembly
Native extension for WindowsStandalone target not found
Refreshing native plugins compatible for Editor in 0.39 ms, found 0 plugins.
Preloading 0 native plugins for Editor in 0.00 ms.
Invoked RoslynAnalysisRunner static constructor.
RoslynAnalysisRunner will not be running.
RoslynAnalysisRunner has terminated.
Mono: successfully reloaded assembly
- Completed reload, in  1.825 seconds
Platform modules already initialized, skipping
Refreshing native plugins compatible for Editor in 0.42 ms, found 0 plugins.
Preloading 0 native plugins for Editor in 0.00 ms.
Unloading 1121 Unused Serialized files (Serialized files now loaded: 0)
System memory in use before: 60.8 MB.
System memory in use after: 60.9 MB.

Unloading 4 unused Assets to reduce memory usage. Loaded Objects now: 1649.
Total: 3.158223 ms (FindLiveObjects: 0.306533 ms CreateObjectMapping: 0.077244 ms MarkObjects: 2.736800 ms  DeleteObjects: 0.029333 ms)

========================================================================
Received Import Request.
  Time since last request: 388.416215 seconds.
  path: Assets/Prefabs/MapAssets/SignMiddle.prefab
  artifactKey: Guid(9f1a51b2aa2b7614bb64549583190bb7) Importer(815301076,1909f56bfc062723c751e8b465ee728b)
Start importing Assets/Prefabs/MapAssets/SignMiddle.prefab using Guid(9f1a51b2aa2b7614bb64549583190bb7) Importer(815301076,1909f56bfc062723c751e8b465ee728b)  -> (artifact id: 'fb28e069d85d5eb85c566aae9b287d61') in 0.150697 seconds
  Import took 0.177512 seconds .

========================================================================
Received Import Request.
  Time since last request: 0.697120 seconds.
  path: Assets/Prefabs/MapAssets/SignMiddle.prefab
  artifactKey: Guid(9f1a51b2aa2b7614bb64549583190bb7) Importer(815301076,1909f56bfc062723c751e8b465ee728b)
Start importing Assets/Prefabs/MapAssets/SignMiddle.prefab using Guid(9f1a51b2aa2b7614bb64549583190bb7) Importer(815301076,1909f56bfc062723c751e8b465ee728b)  -> (artifact id: 'fa509a1df9a69439480226863319cf49') in 0.037192 seconds
  Import took 0.047458 seconds .

========================================================================
Received Prepare
Registering precompiled user dll's ...
Registered in 0.001498 seconds.
Begin MonoManager ReloadAssembly
Native extension for WindowsStandalone target not found
Refreshing native plugins compatible for Editor in 0.37 ms, found 0 plugins.
Preloading 0 native plugins for Editor in 0.00 ms.
Invoked RoslynAnalysisRunner static constructor.
RoslynAnalysisRunner will not be running.
RoslynAnalysisRunner has terminated.
Mono: successfully reloaded assembly
- Completed reload, in  1.769 seconds
Platform modules already initialized, skipping
Refreshing native plugins compatible for Editor in 0.40 ms, found 0 plugins.
Preloading 0 native plugins for Editor in 0.00 ms.
Unloading 1121 Unused Serialized files (Serialized files now loaded: 0)
System memory in use before: 60.8 MB.
System memory in use after: 60.9 MB.

Unloading 4 unused Assets to reduce memory usage. Loaded Objects now: 1653.
Total: 3.630489 ms (FindLiveObjects: 0.331467 ms CreateObjectMapping: 0.071378 ms MarkObjects: 3.190000 ms  DeleteObjects: 0.028844 ms)

========================================================================
Received Prepare
Registering precompiled user dll's ...
Registered in 0.002797 seconds.
Begin MonoManager ReloadAssembly
Native extension for WindowsStandalone target not found
Refreshing native plugins compatible for Editor in 0.33 ms, found 0 plugins.
Preloading 0 native plugins for Editor in 0.00 ms.
Invoked RoslynAnalysisRunner static constructor.
RoslynAnalysisRunner will not be running.
RoslynAnalysisRunner has terminated.
Mono: successfully reloaded assembly
- Completed reload, in  2.041 seconds
Platform modules already initialized, skipping
Refreshing native plugins compatible for Editor in 0.38 ms, found 0 plugins.
Preloading 0 native plugins for Editor in 0.00 ms.
Unloading 1121 Unused Serialized files (Serialized files now loaded: 0)
System memory in use before: 60.8 MB.
System memory in use after: 60.9 MB.

Unloading 4 unused Assets to reduce memory usage. Loaded Objects now: 1656.
Total: 3.184623 ms (FindLiveObjects: 0.368622 ms CreateObjectMapping: 0.086533 ms MarkObjects: 2.689378 ms  DeleteObjects: 0.031289 ms)

========================================================================
Received Import Request.
  Time since last request: 269.760312 seconds.
  path: Assets/Prefabs/favpng_Çorum-Çekv-corum-education-and-culture-foundation-silhouette-student-city.png
  artifactKey: Guid(c42d500196d4f854c8342f79034242c7) Importer(815301076,1909f56bfc062723c751e8b465ee728b)
Start importing Assets/Prefabs/favpng_Çorum-Çekv-corum-education-and-culture-foundation-silhouette-student-city.png using Guid(c42d500196d4f854c8342f79034242c7) Importer(815301076,1909f56bfc062723c751e8b465ee728b)  -> (artifact id: 'ed3d52e7ba40c96c4c22a5960bcad3d3') in 0.237783 seconds
  Import took 0.248684 seconds .

========================================================================
Received Import Request.
  Time since last request: 279.164477 seconds.
  path: Assets/Prefabs/New Material.mat
  artifactKey: Guid(5442d5c03aaf8954ba397b9f330da2f1) Importer(815301076,1909f56bfc062723c751e8b465ee728b)
Start importing Assets/Prefabs/New Material.mat using Guid(5442d5c03aaf8954ba397b9f330da2f1) Importer(815301076,1909f56bfc062723c751e8b465ee728b)  -> (artifact id: '8eefcdde20789b441f6f09697736b2f7') in 0.322733 seconds
  Import took 0.359312 seconds .

========================================================================
Received Prepare
Registering precompiled user dll's ...
Registered in 0.001603 seconds.
Begin MonoManager ReloadAssembly
Native extension for WindowsStandalone target not found
Refreshing native plugins compatible for Editor in 0.37 ms, found 0 plugins.
Preloading 0 native plugins for Editor in 0.00 ms.
Invoked RoslynAnalysisRunner static constructor.
RoslynAnalysisRunner will not be running.
RoslynAnalysisRunner has terminated.
Mono: successfully reloaded assembly
- Completed reload, in  1.735 seconds
Platform modules already initialized, skipping
Refreshing native plugins compatible for Editor in 0.43 ms, found 0 plugins.
Preloading 0 native plugins for Editor in 0.00 ms.
Unloading 1121 Unused Serialized files (Serialized files now loaded: 0)
System memory in use before: 60.8 MB.
System memory in use after: 60.9 MB.

Unloading 4 unused Assets to reduce memory usage. Loaded Objects now: 1662.
Total: 3.749289 ms (FindLiveObjects: 0.468356 ms CreateObjectMapping: 0.130044 ms MarkObjects: 3.111778 ms  DeleteObjects: 0.029822 ms)

========================================================================
Received Import Request.
  Time since last request: 177.474994 seconds.
  path: Assets/Prefabs/New Material.mat
  artifactKey: Guid(5442d5c03aaf8954ba397b9f330da2f1) Importer(815301076,1909f56bfc062723c751e8b465ee728b)
Start importing Assets/Prefabs/New Material.mat using Guid(5442d5c03aaf8954ba397b9f330da2f1) Importer(815301076,1909f56bfc062723c751e8b465ee728b)  -> (artifact id: 'fce4584e87a0906105e3cfcfd96a3512') in 0.167289 seconds
  Import took 0.197046 seconds .

========================================================================
Received Import Request.
  Time since last request: 17.230790 seconds.
  path: Assets/Prefabs/BG.png
  artifactKey: Guid(c42d500196d4f854c8342f79034242c7) Importer(815301076,1909f56bfc062723c751e8b465ee728b)
Start importing Assets/Prefabs/BG.png using Guid(c42d500196d4f854c8342f79034242c7) Importer(815301076,1909f56bfc062723c751e8b465ee728b)  -> (artifact id: '1622d5bb7884222f7731e9f61bb07586') in 0.059103 seconds
  Import took 0.077942 seconds .

========================================================================
Received Import Request.
  Time since last request: 28.063685 seconds.
  path: Assets/Prefabs/favpng_Çorum-Çekv-corum-education-and-culture-foundation-silhouette-student-city.png
  artifactKey: Guid(cd4dde6da66f24846b0ccd5e39beee69) Importer(815301076,1909f56bfc062723c751e8b465ee728b)
Start importing Assets/Prefabs/favpng_Çorum-Çekv-corum-education-and-culture-foundation-silhouette-student-city.png using Guid(cd4dde6da66f24846b0ccd5e39beee69) Importer(815301076,1909f56bfc062723c751e8b465ee728b)  -> (artifact id: '77292c1a25efde986e60fb6ac5dd174f') in 0.033872 seconds
  Import took 0.079242 seconds .

========================================================================
Received Import Request.
  Time since last request: 59.186482 seconds.
  path: Assets/Textures/BGMat.mat
  artifactKey: Guid(cd1b1a0e3ecd33e4298d5a9dd43aec74) Importer(815301076,1909f56bfc062723c751e8b465ee728b)
Start importing Assets/Textures/BGMat.mat using Guid(cd1b1a0e3ecd33e4298d5a9dd43aec74) Importer(815301076,1909f56bfc062723c751e8b465ee728b)  -> (artifact id: 'c88a023beaf5323da39b11a344abee2e') in 0.075293 seconds
  Import took 0.110376 seconds .

========================================================================
Received Import Request.
  Time since last request: 20.488920 seconds.
  path: Assets/Textures/BGMat.mat
  artifactKey: Guid(cd1b1a0e3ecd33e4298d5a9dd43aec74) Importer(815301076,1909f56bfc062723c751e8b465ee728b)
Start importing Assets/Textures/BGMat.mat using Guid(cd1b1a0e3ecd33e4298d5a9dd43aec74) Importer(815301076,1909f56bfc062723c751e8b465ee728b)  -> (artifact id: 'c9ac996e138d5e169a136bf5ef699a7b') in 0.030778 seconds
  Import took 0.041971 seconds .

========================================================================
Received Import Request.
  Time since last request: 576.132065 seconds.
  path: Assets/Scripts/Game/InitGameScript.cs
  artifactKey: Guid(c854fce902123af4c944e20f320f0d3b) Importer(815301076,1909f56bfc062723c751e8b465ee728b)
Start importing Assets/Scripts/Game/InitGameScript.cs using Guid(c854fce902123af4c944e20f320f0d3b) Importer(815301076,1909f56bfc062723c751e8b465ee728b)  -> (artifact id: 'd565a80d544742ef8132c9b6576b5345') in 0.055906 seconds
  Import took 0.075106 seconds .

========================================================================
Received Prepare
Registering precompiled user dll's ...
Registered in 0.001683 seconds.
Begin MonoManager ReloadAssembly
Native extension for WindowsStandalone target not found
Refreshing native plugins compatible for Editor in 0.39 ms, found 0 plugins.
Preloading 0 native plugins for Editor in 0.00 ms.
Invoked RoslynAnalysisRunner static constructor.
RoslynAnalysisRunner will not be running.
RoslynAnalysisRunner has terminated.
Mono: successfully reloaded assembly
- Completed reload, in  1.739 seconds
Platform modules already initialized, skipping
Refreshing native plugins compatible for Editor in 0.54 ms, found 0 plugins.
Preloading 0 native plugins for Editor in 0.00 ms.
Unloading 1121 Unused Serialized files (Serialized files now loaded: 0)
System memory in use before: 60.8 MB.
System memory in use after: 60.9 MB.

Unloading 4 unused Assets to reduce memory usage. Loaded Objects now: 1666.
Total: 4.725112 ms (FindLiveObjects: 0.748978 ms CreateObjectMapping: 0.210711 ms MarkObjects: 3.720934 ms  DeleteObjects: 0.035200 ms)

========================================================================
Received Import Request.
  Time since last request: 123.920100 seconds.
  path: Assets/Scripts/Game/InitGameScript.cs
  artifactKey: Guid(c854fce902123af4c944e20f320f0d3b) Importer(815301076,1909f56bfc062723c751e8b465ee728b)
Start importing Assets/Scripts/Game/InitGameScript.cs using Guid(c854fce902123af4c944e20f320f0d3b) Importer(815301076,1909f56bfc062723c751e8b465ee728b)  -> (artifact id: 'e319cb0bbd30ce6af74005cd901e6126') in 0.063302 seconds
  Import took 0.119354 seconds .

========================================================================
Received Prepare
Registering precompiled user dll's ...
Registered in 0.001930 seconds.
Begin MonoManager ReloadAssembly
Native extension for WindowsStandalone target not found
Refreshing native plugins compatible for Editor in 0.39 ms, found 0 plugins.
Preloading 0 native plugins for Editor in 0.00 ms.
Invoked RoslynAnalysisRunner static constructor.
RoslynAnalysisRunner will not be running.
RoslynAnalysisRunner has terminated.
Mono: successfully reloaded assembly
- Completed reload, in  1.740 seconds
Platform modules already initialized, skipping
Refreshing native plugins compatible for Editor in 0.38 ms, found 0 plugins.
Preloading 0 native plugins for Editor in 0.00 ms.
Unloading 1121 Unused Serialized files (Serialized files now loaded: 0)
System memory in use before: 60.8 MB.
System memory in use after: 60.9 MB.

Unloading 4 unused Assets to reduce memory usage. Loaded Objects now: 1669.
Total: 3.019867 ms (FindLiveObjects: 0.384267 ms CreateObjectMapping: 0.090444 ms MarkObjects: 2.500667 ms  DeleteObjects: 0.035689 ms)

========================================================================
Received Import Request.
  Time since last request: 193.305141 seconds.
  path: Assets/Scripts/Game/InitGameScript.cs
  artifactKey: Guid(c854fce902123af4c944e20f320f0d3b) Importer(815301076,1909f56bfc062723c751e8b465ee728b)
Start importing Assets/Scripts/Game/InitGameScript.cs using Guid(c854fce902123af4c944e20f320f0d3b) Importer(815301076,1909f56bfc062723c751e8b465ee728b)  -> (artifact id: 'f51a484155d7e3f3e0e8f3d852d16c47') in 0.017094 seconds
  Import took 0.025719 seconds .

========================================================================
Received Import Request.
  Time since last request: 2.005361 seconds.
  path: Assets/Scripts/Game/InitGameScript.cs
  artifactKey: Guid(c854fce902123af4c944e20f320f0d3b) Importer(815301076,1909f56bfc062723c751e8b465ee728b)
Start importing Assets/Scripts/Game/InitGameScript.cs using Guid(c854fce902123af4c944e20f320f0d3b) Importer(815301076,1909f56bfc062723c751e8b465ee728b)  -> (artifact id: 'f51a484155d7e3f3e0e8f3d852d16c47') in 0.007379 seconds
  Import took 0.015421 seconds .

========================================================================
Received Prepare
Registering precompiled user dll's ...
Registered in 0.001792 seconds.
Begin MonoManager ReloadAssembly
Native extension for WindowsStandalone target not found
Refreshing native plugins compatible for Editor in 0.34 ms, found 0 plugins.
Preloading 0 native plugins for Editor in 0.00 ms.
Invoked RoslynAnalysisRunner static constructor.
RoslynAnalysisRunner will not be running.
RoslynAnalysisRunner has terminated.
Mono: successfully reloaded assembly
- Completed reload, in  1.801 seconds
Platform modules already initialized, skipping
Refreshing native plugins compatible for Editor in 0.47 ms, found 0 plugins.
Preloading 0 native plugins for Editor in 0.00 ms.
Unloading 1121 Unused Serialized files (Serialized files now loaded: 0)
System memory in use before: 60.8 MB.
System memory in use after: 60.9 MB.

Unloading 4 unused Assets to reduce memory usage. Loaded Objects now: 1672.
Total: 3.454978 ms (FindLiveObjects: 0.348089 ms CreateObjectMapping: 0.102667 ms MarkObjects: 2.964134 ms  DeleteObjects: 0.029822 ms)

========================================================================
Received Import Request.
  Time since last request: 36.305819 seconds.
  path: Assets/Scripts/Game/InitGameScript.cs
  artifactKey: Guid(c854fce902123af4c944e20f320f0d3b) Importer(815301076,1909f56bfc062723c751e8b465ee728b)
Start importing Assets/Scripts/Game/InitGameScript.cs using Guid(c854fce902123af4c944e20f320f0d3b) Importer(815301076,1909f56bfc062723c751e8b465ee728b)  -> (artifact id: '56cbf5a86da0658f997746ba73f82863') in 0.011186 seconds
  Import took 0.020150 seconds .

========================================================================
Received Import Request.
  Time since last request: 2.641978 seconds.
  path: Assets/Scripts/Game/InitGameScript.cs
  artifactKey: Guid(c854fce902123af4c944e20f320f0d3b) Importer(815301076,1909f56bfc062723c751e8b465ee728b)
Start importing Assets/Scripts/Game/InitGameScript.cs using Guid(c854fce902123af4c944e20f320f0d3b) Importer(815301076,1909f56bfc062723c751e8b465ee728b)  -> (artifact id: '56cbf5a86da0658f997746ba73f82863') in 0.008106 seconds
  Import took 0.015790 seconds .

========================================================================
Received Prepare
Registering precompiled user dll's ...
Registered in 0.001489 seconds.
Begin MonoManager ReloadAssembly
Native extension for WindowsStandalone target not found
Refreshing native plugins compatible for Editor in 0.38 ms, found 0 plugins.
Preloading 0 native plugins for Editor in 0.00 ms.
Invoked RoslynAnalysisRunner static constructor.
RoslynAnalysisRunner will not be running.
RoslynAnalysisRunner has terminated.
Mono: successfully reloaded assembly
- Completed reload, in  1.933 seconds
Platform modules already initialized, skipping
Refreshing native plugins compatible for Editor in 0.47 ms, found 0 plugins.
Preloading 0 native plugins for Editor in 0.00 ms.
Unloading 1121 Unused Serialized files (Serialized files now loaded: 0)
System memory in use before: 60.8 MB.
System memory in use after: 60.9 MB.

Unloading 4 unused Assets to reduce memory usage. Loaded Objects now: 1675.
Total: 4.091512 ms (FindLiveObjects: 0.371067 ms CreateObjectMapping: 0.447333 ms MarkObjects: 3.224223 ms  DeleteObjects: 0.038622 ms)

========================================================================
Received Prepare
Registering precompiled user dll's ...
Registered in 0.001516 seconds.
Begin MonoManager ReloadAssembly
Native extension for WindowsStandalone target not found
Refreshing native plugins compatible for Editor in 0.37 ms, found 0 plugins.
Preloading 0 native plugins for Editor in 0.00 ms.
Invoked RoslynAnalysisRunner static constructor.
RoslynAnalysisRunner will not be running.
RoslynAnalysisRunner has terminated.
Mono: successfully reloaded assembly
- Completed reload, in  1.703 seconds
Platform modules already initialized, skipping
Refreshing native plugins compatible for Editor in 0.38 ms, found 0 plugins.
Preloading 0 native plugins for Editor in 0.00 ms.
Unloading 1121 Unused Serialized files (Serialized files now loaded: 0)
System memory in use before: 60.9 MB.
System memory in use after: 61.0 MB.

Unloading 4 unused Assets to reduce memory usage. Loaded Objects now: 1678.
Total: 3.942889 ms (FindLiveObjects: 0.495245 ms CreateObjectMapping: 0.152533 ms MarkObjects: 3.251112 ms  DeleteObjects: 0.033244 ms)

========================================================================
Received Prepare
Registering precompiled user dll's ...
Registered in 0.001446 seconds.
Begin MonoManager ReloadAssembly
Native extension for WindowsStandalone target not found
Refreshing native plugins compatible for Editor in 0.34 ms, found 0 plugins.
Preloading 0 native plugins for Editor in 0.00 ms.
Invoked RoslynAnalysisRunner static constructor.
RoslynAnalysisRunner will not be running.
RoslynAnalysisRunner has terminated.
Mono: successfully reloaded assembly
- Completed reload, in  1.571 seconds
Platform modules already initialized, skipping
Refreshing native plugins compatible for Editor in 0.39 ms, found 0 plugins.
Preloading 0 native plugins for Editor in 0.00 ms.
Unloading 1121 Unused Serialized files (Serialized files now loaded: 0)
System memory in use before: 60.9 MB.
System memory in use after: 61.0 MB.

Unloading 4 unused Assets to reduce memory usage. Loaded Objects now: 1681.
Total: 3.277512 ms (FindLiveObjects: 0.324133 ms CreateObjectMapping: 0.095822 ms MarkObjects: 2.821378 ms  DeleteObjects: 0.027867 ms)

AssetImportWorkerClient::OnTransportError - code=2 error=End of file
